Performing C SOURCE FILE Test CMAKE_HAVE_LIBC_PTHREAD failed with the following output:
Change Dir: /home/ruzickal/StudioProjects/android_whisper_app_orig/Whisper-TFLIte-Android-Example/app/.cxx/cmake/debug/x86/CMakeFiles/CMakeTmp

Run Build Command(s):/home/ruzickal/Android/Sdk/cmake/3.18.1/bin/ninja cmTC_218ba && [1/2] Building C object CMakeFiles/cmTC_218ba.dir/src.c.o
src.c:13:3: warning: implicit declaration of function 'pthread_cancel' is invalid in C99 [-Wimplicit-function-declaration]
  pthread_cancel(thread);
  ^
1 warning generated.
[2/2] Linking C executable cmTC_218ba
FAILED: cmTC_218ba 
: && /home/ruzickal/Android/Sdk/ndk/25.1.8937393/toolchains/llvm/prebuilt/linux-x86_64/bin/clang --target=i686-none-linux-android29 --sysroot=/home/ruzickal/Android/Sdk/ndk/25.1.8937393/toolchains/llvm/prebuilt/linux-x86_64/sysroot -g -DANDROID -fdata-sections -ffunction-sections -funwind-tables -fstack-protector-strong -no-canonical-prefixes -D_FORTIFY_SOURCE=2 -Wformat -Werror=format-security  -DCMAKE_HAVE_LIBC_PTHREAD -static-libstdc++ -Wl,--build-id=sha1 -Wl,--no-rosegment -Wl,--fatal-warnings -Wl,--gc-sections -Wl,--no-undefined -Qunused-arguments -Wl,--gc-sections CMakeFiles/cmTC_218ba.dir/src.c.o -o cmTC_218ba  -latomic -lm && :
ld: error: undefined symbol: pthread_cancel
>>> referenced by src.c:13
>>>               CMakeFiles/cmTC_218ba.dir/src.c.o:(main)
clang: error: linker command failed with exit code 1 (use -v to see invocation)
ninja: build stopped: subcommand failed.


Source file was:
#include <pthread.h>

void* test_func(void* data)
{
  return data;
}

int main(void)
{
  pthread_t thread;
  pthread_create(&thread, NULL, test_func, NULL);
  pthread_detach(thread);
  pthread_cancel(thread);
  pthread_join(thread, NULL);
  pthread_atfork(NULL, NULL, NULL);
  pthread_exit(NULL);

  return 0;
}

Determining if the function pthread_create exists in the pthreads failed with the following output:
Change Dir: /home/ruzickal/StudioProjects/android_whisper_app_orig/Whisper-TFLIte-Android-Example/app/.cxx/cmake/debug/x86/CMakeFiles/CMakeTmp

Run Build Command(s):/home/ruzickal/Android/Sdk/cmake/3.18.1/bin/ninja cmTC_1b6a7 && [1/2] Building C object CMakeFiles/cmTC_1b6a7.dir/CheckFunctionExists.c.o
[2/2] Linking C executable cmTC_1b6a7
FAILED: cmTC_1b6a7 
: && /home/ruzickal/Android/Sdk/ndk/25.1.8937393/toolchains/llvm/prebuilt/linux-x86_64/bin/clang --target=i686-none-linux-android29 --sysroot=/home/ruzickal/Android/Sdk/ndk/25.1.8937393/toolchains/llvm/prebuilt/linux-x86_64/sysroot -g -DANDROID -fdata-sections -ffunction-sections -funwind-tables -fstack-protector-strong -no-canonical-prefixes -D_FORTIFY_SOURCE=2 -Wformat -Werror=format-security  -DCHECK_FUNCTION_EXISTS=pthread_create -static-libstdc++ -Wl,--build-id=sha1 -Wl,--no-rosegment -Wl,--fatal-warnings -Wl,--gc-sections -Wl,--no-undefined -Qunused-arguments -Wl,--gc-sections CMakeFiles/cmTC_1b6a7.dir/CheckFunctionExists.c.o -o cmTC_1b6a7  -lpthreads  -latomic -lm && :
ld: error: unable to find library -lpthreads
clang: error: linker command failed with exit code 1 (use -v to see invocation)
ninja: build stopped: subcommand failed.



Determining if the function pthread_create exists in the pthread failed with the following output:
Change Dir: /home/ruzickal/StudioProjects/android_whisper_app_orig/Whisper-TFLIte-Android-Example/app/.cxx/cmake/debug/x86/CMakeFiles/CMakeTmp

Run Build Command(s):/home/ruzickal/Android/Sdk/cmake/3.18.1/bin/ninja cmTC_1f90c && [1/2] Building C object CMakeFiles/cmTC_1f90c.dir/CheckFunctionExists.c.o
[2/2] Linking C executable cmTC_1f90c
FAILED: cmTC_1f90c 
: && /home/ruzickal/Android/Sdk/ndk/25.1.8937393/toolchains/llvm/prebuilt/linux-x86_64/bin/clang --target=i686-none-linux-android29 --sysroot=/home/ruzickal/Android/Sdk/ndk/25.1.8937393/toolchains/llvm/prebuilt/linux-x86_64/sysroot -g -DANDROID -fdata-sections -ffunction-sections -funwind-tables -fstack-protector-strong -no-canonical-prefixes -D_FORTIFY_SOURCE=2 -Wformat -Werror=format-security  -DCHECK_FUNCTION_EXISTS=pthread_create -static-libstdc++ -Wl,--build-id=sha1 -Wl,--no-rosegment -Wl,--fatal-warnings -Wl,--gc-sections -Wl,--no-undefined -Qunused-arguments -Wl,--gc-sections CMakeFiles/cmTC_1f90c.dir/CheckFunctionExists.c.o -o cmTC_1f90c  -lpthread  -latomic -lm && :
ld: error: unable to find library -lpthread
clang: error: linker command failed with exit code 1 (use -v to see invocation)
ninja: build stopped: subcommand failed.



Performing C++ SOURCE FILE Test COMPILER_SUPPORT_Wlogicalop failed with the following output:
Change Dir: /home/ruzickal/StudioProjects/android_whisper_app_orig/Whisper-TFLIte-Android-Example/app/.cxx/cmake/debug/x86/CMakeFiles/CMakeTmp

Run Build Command(s):/home/ruzickal/Android/Sdk/cmake/3.18.1/bin/ninja cmTC_7d7e8 && [1/2] Building CXX object CMakeFiles/cmTC_7d7e8.dir/src.cxx.o
FAILED: CMakeFiles/cmTC_7d7e8.dir/src.cxx.o 
/home/ruzickal/Android/Sdk/ndk/25.1.8937393/toolchains/llvm/prebuilt/linux-x86_64/bin/clang++ --target=i686-none-linux-android29 --sysroot=/home/ruzickal/Android/Sdk/ndk/25.1.8937393/toolchains/llvm/prebuilt/linux-x86_64/sysroot   -g -DANDROID -fdata-sections -ffunction-sections -funwind-tables -fstack-protector-strong -no-canonical-prefixes -D_FORTIFY_SOURCE=2 -Wformat -Werror=format-security  -frtti -fexceptions -pedantic -Wall -Wextra -Wundef -Wcast-align -Wchar-subscripts -Wnon-virtual-dtor -Wunused-local-typedefs -Wpointer-arith -Wwrite-strings -Wformat-security -Wshorten-64-to-32 -DCOMPILER_SUPPORT_Wlogicalop -Werror -fPIE   -Wlogical-op -std=c++14 -MD -MT CMakeFiles/cmTC_7d7e8.dir/src.cxx.o -MF CMakeFiles/cmTC_7d7e8.dir/src.cxx.o.d -o CMakeFiles/cmTC_7d7e8.dir/src.cxx.o -c src.cxx
error: unknown warning option '-Wlogical-op'; did you mean '-Wlong-long'? [-Werror,-Wunknown-warning-option]
ninja: build stopped: subcommand failed.


Source file was:
int main() { return 0; }
Performing C++ SOURCE FILE Test COMPILER_SUPPORT_wd981 failed with the following output:
Change Dir: /home/ruzickal/StudioProjects/android_whisper_app_orig/Whisper-TFLIte-Android-Example/app/.cxx/cmake/debug/x86/CMakeFiles/CMakeTmp

Run Build Command(s):/home/ruzickal/Android/Sdk/cmake/3.18.1/bin/ninja cmTC_9e7c9 && [1/2] Building CXX object CMakeFiles/cmTC_9e7c9.dir/src.cxx.o
FAILED: CMakeFiles/cmTC_9e7c9.dir/src.cxx.o 
/home/ruzickal/Android/Sdk/ndk/25.1.8937393/toolchains/llvm/prebuilt/linux-x86_64/bin/clang++ --target=i686-none-linux-android29 --sysroot=/home/ruzickal/Android/Sdk/ndk/25.1.8937393/toolchains/llvm/prebuilt/linux-x86_64/sysroot   -g -DANDROID -fdata-sections -ffunction-sections -funwind-tables -fstack-protector-strong -no-canonical-prefixes -D_FORTIFY_SOURCE=2 -Wformat -Werror=format-security  -frtti -fexceptions -pedantic -Wall -Wextra -Wundef -Wcast-align -Wchar-subscripts -Wnon-virtual-dtor -Wunused-local-typedefs -Wpointer-arith -Wwrite-strings -Wformat-security -Wshorten-64-to-32 -Wenum-conversion -Wc++11-extensions -Wdouble-promotion -Wshadow -Wno-psabi -Wno-variadic-macros -Wno-long-long -fno-check-new -fno-common -fstrict-aliasing -DCOMPILER_SUPPORT_wd981 -Werror -fPIE   -wd981 -std=c++14 -MD -MT CMakeFiles/cmTC_9e7c9.dir/src.cxx.o -MF CMakeFiles/cmTC_9e7c9.dir/src.cxx.o.d -o CMakeFiles/cmTC_9e7c9.dir/src.cxx.o -c src.cxx
clang++: error: unknown argument: '-wd981'
ninja: build stopped: subcommand failed.


Source file was:
int main() { return 0; }
Performing C++ SOURCE FILE Test COMPILER_SUPPORT_wd2304 failed with the following output:
Change Dir: /home/ruzickal/StudioProjects/android_whisper_app_orig/Whisper-TFLIte-Android-Example/app/.cxx/cmake/debug/x86/CMakeFiles/CMakeTmp

Run Build Command(s):/home/ruzickal/Android/Sdk/cmake/3.18.1/bin/ninja cmTC_4b095 && [1/2] Building CXX object CMakeFiles/cmTC_4b095.dir/src.cxx.o
FAILED: CMakeFiles/cmTC_4b095.dir/src.cxx.o 
/home/ruzickal/Android/Sdk/ndk/25.1.8937393/toolchains/llvm/prebuilt/linux-x86_64/bin/clang++ --target=i686-none-linux-android29 --sysroot=/home/ruzickal/Android/Sdk/ndk/25.1.8937393/toolchains/llvm/prebuilt/linux-x86_64/sysroot   -g -DANDROID -fdata-sections -ffunction-sections -funwind-tables -fstack-protector-strong -no-canonical-prefixes -D_FORTIFY_SOURCE=2 -Wformat -Werror=format-security  -frtti -fexceptions -pedantic -Wall -Wextra -Wundef -Wcast-align -Wchar-subscripts -Wnon-virtual-dtor -Wunused-local-typedefs -Wpointer-arith -Wwrite-strings -Wformat-security -Wshorten-64-to-32 -Wenum-conversion -Wc++11-extensions -Wdouble-promotion -Wshadow -Wno-psabi -Wno-variadic-macros -Wno-long-long -fno-check-new -fno-common -fstrict-aliasing -DCOMPILER_SUPPORT_wd2304 -Werror -fPIE   -wd2304 -std=c++14 -MD -MT CMakeFiles/cmTC_4b095.dir/src.cxx.o -MF CMakeFiles/cmTC_4b095.dir/src.cxx.o.d -o CMakeFiles/cmTC_4b095.dir/src.cxx.o -c src.cxx
clang++: error: unknown argument: '-wd2304'
ninja: build stopped: subcommand failed.


Source file was:
int main() { return 0; }
Performing C++ SOURCE FILE Test COMPILER_SUPPORT_pie failed with the following output:
Change Dir: /home/ruzickal/StudioProjects/android_whisper_app_orig/Whisper-TFLIte-Android-Example/app/.cxx/cmake/debug/x86/CMakeFiles/CMakeTmp

Run Build Command(s):/home/ruzickal/Android/Sdk/cmake/3.18.1/bin/ninja cmTC_472a2 && [1/2] Building CXX object CMakeFiles/cmTC_472a2.dir/src.cxx.o
FAILED: CMakeFiles/cmTC_472a2.dir/src.cxx.o 
/home/ruzickal/Android/Sdk/ndk/25.1.8937393/toolchains/llvm/prebuilt/linux-x86_64/bin/clang++ --target=i686-none-linux-android29 --sysroot=/home/ruzickal/Android/Sdk/ndk/25.1.8937393/toolchains/llvm/prebuilt/linux-x86_64/sysroot   -g -DANDROID -fdata-sections -ffunction-sections -funwind-tables -fstack-protector-strong -no-canonical-prefixes -D_FORTIFY_SOURCE=2 -Wformat -Werror=format-security  -frtti -fexceptions -pedantic -Wall -Wextra -Wundef -Wcast-align -Wchar-subscripts -Wnon-virtual-dtor -Wunused-local-typedefs -Wpointer-arith -Wwrite-strings -Wformat-security -Wshorten-64-to-32 -Wenum-conversion -Wc++11-extensions -Wdouble-promotion -Wshadow -Wno-psabi -Wno-variadic-macros -Wno-long-long -fno-check-new -fno-common -fstrict-aliasing -DCOMPILER_SUPPORT_pie -Werror -fPIE   -pie -std=c++14 -MD -MT CMakeFiles/cmTC_472a2.dir/src.cxx.o -MF CMakeFiles/cmTC_472a2.dir/src.cxx.o.d -o CMakeFiles/cmTC_472a2.dir/src.cxx.o -c src.cxx
clang++: error: argument unused during compilation: '-pie' [-Werror,-Wunused-command-line-argument]
ninja: build stopped: subcommand failed.


Source file was:
int main() { return 0; }
Checking whether the ASM compiler is GNU using "--version" did not match "(GNU assembler)|(GCC)|(Free Software Foundation)":
Android (8490178, based on r450784d) clang version 14.0.6 (https://android.googlesource.com/toolchain/llvm-project 4c603efb0cca074e9238af8b4106c30add4418f6)
Target: x86_64-unknown-linux-gnu
Thread model: posix
InstalledDir: /home/ruzickal/Android/Sdk/ndk/25.1.8937393/toolchains/llvm/prebuilt/linux-x86_64/bin
