Performing C SOURCE FILE Test CMAKE_HAVE_LIBC_PTHREAD failed with the following output:
Change Dir: /home/ruzickal/StudioProjects/android_whisper_app_orig/Whisper-TFLIte-Android-Example/app/src/main/cpp/tf-lite-api/minimal_build/CMakeFiles/CMakeTmp

Run Build Command(s):/usr/bin/make cmTC_717fd/fast && /usr/bin/make -f CMakeFiles/cmTC_717fd.dir/build.make CMakeFiles/cmTC_717fd.dir/build
make[1]: Entering directory '/home/ruzickal/StudioProjects/android_whisper_app_orig/Whisper-TFLIte-Android-Example/app/src/main/cpp/tf-lite-api/minimal_build/CMakeFiles/CMakeTmp'
Building C object CMakeFiles/cmTC_717fd.dir/src.c.o
/usr/bin/cc   -DCMAKE_HAVE_LIBC_PTHREAD -fPIE   -o CMakeFiles/cmTC_717fd.dir/src.c.o   -c /home/ruzickal/StudioProjects/android_whisper_app_orig/Whisper-TFLIte-Android-Example/app/src/main/cpp/tf-lite-api/minimal_build/CMakeFiles/CMakeTmp/src.c
Linking C executable cmTC_717fd
/usr/bin/cmake -E cmake_link_script CMakeFiles/cmTC_717fd.dir/link.txt --verbose=1
/usr/bin/cc  -DCMAKE_HAVE_LIBC_PTHREAD    CMakeFiles/cmTC_717fd.dir/src.c.o  -o cmTC_717fd 
/usr/bin/ld: CMakeFiles/cmTC_717fd.dir/src.c.o: in function `main':
src.c:(.text+0x46): undefined reference to `pthread_create'
/usr/bin/ld: src.c:(.text+0x52): undefined reference to `pthread_detach'
/usr/bin/ld: src.c:(.text+0x63): undefined reference to `pthread_join'
collect2: error: ld returned 1 exit status
make[1]: *** [CMakeFiles/cmTC_717fd.dir/build.make:87: cmTC_717fd] Error 1
make[1]: Leaving directory '/home/ruzickal/StudioProjects/android_whisper_app_orig/Whisper-TFLIte-Android-Example/app/src/main/cpp/tf-lite-api/minimal_build/CMakeFiles/CMakeTmp'
make: *** [Makefile:121: cmTC_717fd/fast] Error 2


Source file was:
#include <pthread.h>

void* test_func(void* data)
{
  return data;
}

int main(void)
{
  pthread_t thread;
  pthread_create(&thread, NULL, test_func, NULL);
  pthread_detach(thread);
  pthread_join(thread, NULL);
  pthread_atfork(NULL, NULL, NULL);
  pthread_exit(NULL);

  return 0;
}

Determining if the function pthread_create exists in the pthreads failed with the following output:
Change Dir: /home/ruzickal/StudioProjects/android_whisper_app_orig/Whisper-TFLIte-Android-Example/app/src/main/cpp/tf-lite-api/minimal_build/CMakeFiles/CMakeTmp

Run Build Command(s):/usr/bin/make cmTC_268fd/fast && /usr/bin/make -f CMakeFiles/cmTC_268fd.dir/build.make CMakeFiles/cmTC_268fd.dir/build
make[1]: Entering directory '/home/ruzickal/StudioProjects/android_whisper_app_orig/Whisper-TFLIte-Android-Example/app/src/main/cpp/tf-lite-api/minimal_build/CMakeFiles/CMakeTmp'
Building C object CMakeFiles/cmTC_268fd.dir/CheckFunctionExists.c.o
/usr/bin/cc   -DCHECK_FUNCTION_EXISTS=pthread_create -fPIE   -o CMakeFiles/cmTC_268fd.dir/CheckFunctionExists.c.o   -c /usr/share/cmake-3.16/Modules/CheckFunctionExists.c
Linking C executable cmTC_268fd
/usr/bin/cmake -E cmake_link_script CMakeFiles/cmTC_268fd.dir/link.txt --verbose=1
/usr/bin/cc  -DCHECK_FUNCTION_EXISTS=pthread_create    CMakeFiles/cmTC_268fd.dir/CheckFunctionExists.c.o  -o cmTC_268fd  -lpthreads 
/usr/bin/ld: cannot find -lpthreads
collect2: error: ld returned 1 exit status
make[1]: *** [CMakeFiles/cmTC_268fd.dir/build.make:87: cmTC_268fd] Error 1
make[1]: Leaving directory '/home/ruzickal/StudioProjects/android_whisper_app_orig/Whisper-TFLIte-Android-Example/app/src/main/cpp/tf-lite-api/minimal_build/CMakeFiles/CMakeTmp'
make: *** [Makefile:121: cmTC_268fd/fast] Error 2



Performing C++ SOURCE FILE Test COMPILER_SUPPORT_Wshorten64to32 failed with the following output:
Change Dir: /home/ruzickal/StudioProjects/android_whisper_app_orig/Whisper-TFLIte-Android-Example/app/src/main/cpp/tf-lite-api/minimal_build/CMakeFiles/CMakeTmp

Run Build Command(s):/usr/bin/make cmTC_3be4f/fast && /usr/bin/make -f CMakeFiles/cmTC_3be4f.dir/build.make CMakeFiles/cmTC_3be4f.dir/build
make[1]: Entering directory '/home/ruzickal/StudioProjects/android_whisper_app_orig/Whisper-TFLIte-Android-Example/app/src/main/cpp/tf-lite-api/minimal_build/CMakeFiles/CMakeTmp'
Building CXX object CMakeFiles/cmTC_3be4f.dir/src.cxx.o
/usr/bin/c++    -pedantic -Wall -Wextra -Wundef -Wcast-align -Wchar-subscripts -Wnon-virtual-dtor -Wunused-local-typedefs -Wpointer-arith -Wwrite-strings -Wformat-security -DCOMPILER_SUPPORT_Wshorten64to32 -Werror -fPIE   -Wshorten-64-to-32 -std=c++14 -o CMakeFiles/cmTC_3be4f.dir/src.cxx.o -c /home/ruzickal/StudioProjects/android_whisper_app_orig/Whisper-TFLIte-Android-Example/app/src/main/cpp/tf-lite-api/minimal_build/CMakeFiles/CMakeTmp/src.cxx
c++: error: unrecognized command line option '-Wshorten-64-to-32'
make[1]: *** [CMakeFiles/cmTC_3be4f.dir/build.make:66: CMakeFiles/cmTC_3be4f.dir/src.cxx.o] Error 1
make[1]: Leaving directory '/home/ruzickal/StudioProjects/android_whisper_app_orig/Whisper-TFLIte-Android-Example/app/src/main/cpp/tf-lite-api/minimal_build/CMakeFiles/CMakeTmp'
make: *** [Makefile:121: cmTC_3be4f/fast] Error 2


Source file was:
int main() { return 0; }
Performing C++ SOURCE FILE Test COMPILER_SUPPORT_Wenumconversion failed with the following output:
Change Dir: /home/ruzickal/StudioProjects/android_whisper_app_orig/Whisper-TFLIte-Android-Example/app/src/main/cpp/tf-lite-api/minimal_build/CMakeFiles/CMakeTmp

Run Build Command(s):/usr/bin/make cmTC_66c21/fast && /usr/bin/make -f CMakeFiles/cmTC_66c21.dir/build.make CMakeFiles/cmTC_66c21.dir/build
make[1]: Entering directory '/home/ruzickal/StudioProjects/android_whisper_app_orig/Whisper-TFLIte-Android-Example/app/src/main/cpp/tf-lite-api/minimal_build/CMakeFiles/CMakeTmp'
Building CXX object CMakeFiles/cmTC_66c21.dir/src.cxx.o
/usr/bin/c++    -pedantic -Wall -Wextra -Wundef -Wcast-align -Wchar-subscripts -Wnon-virtual-dtor -Wunused-local-typedefs -Wpointer-arith -Wwrite-strings -Wformat-security -Wlogical-op -DCOMPILER_SUPPORT_Wenumconversion -Werror -fPIE   -Wenum-conversion -std=c++14 -o CMakeFiles/cmTC_66c21.dir/src.cxx.o -c /home/ruzickal/StudioProjects/android_whisper_app_orig/Whisper-TFLIte-Android-Example/app/src/main/cpp/tf-lite-api/minimal_build/CMakeFiles/CMakeTmp/src.cxx
c++: error: unrecognized command line option '-Wenum-conversion'; did you mean '-Wno-conversion'?
make[1]: *** [CMakeFiles/cmTC_66c21.dir/build.make:66: CMakeFiles/cmTC_66c21.dir/src.cxx.o] Error 1
make[1]: Leaving directory '/home/ruzickal/StudioProjects/android_whisper_app_orig/Whisper-TFLIte-Android-Example/app/src/main/cpp/tf-lite-api/minimal_build/CMakeFiles/CMakeTmp'
make: *** [Makefile:121: cmTC_66c21/fast] Error 2


Source file was:
int main() { return 0; }
Performing C++ SOURCE FILE Test COMPILER_SUPPORT_Wcpp11extensions failed with the following output:
Change Dir: /home/ruzickal/StudioProjects/android_whisper_app_orig/Whisper-TFLIte-Android-Example/app/src/main/cpp/tf-lite-api/minimal_build/CMakeFiles/CMakeTmp

Run Build Command(s):/usr/bin/make cmTC_d03af/fast && /usr/bin/make -f CMakeFiles/cmTC_d03af.dir/build.make CMakeFiles/cmTC_d03af.dir/build
make[1]: Entering directory '/home/ruzickal/StudioProjects/android_whisper_app_orig/Whisper-TFLIte-Android-Example/app/src/main/cpp/tf-lite-api/minimal_build/CMakeFiles/CMakeTmp'
Building CXX object CMakeFiles/cmTC_d03af.dir/src.cxx.o
/usr/bin/c++    -pedantic -Wall -Wextra -Wundef -Wcast-align -Wchar-subscripts -Wnon-virtual-dtor -Wunused-local-typedefs -Wpointer-arith -Wwrite-strings -Wformat-security -Wlogical-op -DCOMPILER_SUPPORT_Wcpp11extensions -Werror -fPIE   -Wc++11-extensions -std=c++14 -o CMakeFiles/cmTC_d03af.dir/src.cxx.o -c /home/ruzickal/StudioProjects/android_whisper_app_orig/Whisper-TFLIte-Android-Example/app/src/main/cpp/tf-lite-api/minimal_build/CMakeFiles/CMakeTmp/src.cxx
c++: error: unrecognized command line option '-Wc++11-extensions'; did you mean '-fms-extensions'?
make[1]: *** [CMakeFiles/cmTC_d03af.dir/build.make:66: CMakeFiles/cmTC_d03af.dir/src.cxx.o] Error 1
make[1]: Leaving directory '/home/ruzickal/StudioProjects/android_whisper_app_orig/Whisper-TFLIte-Android-Example/app/src/main/cpp/tf-lite-api/minimal_build/CMakeFiles/CMakeTmp'
make: *** [Makefile:121: cmTC_d03af/fast] Error 2


Source file was:
int main() { return 0; }
Performing C++ SOURCE FILE Test COMPILER_SUPPORT_wd981 failed with the following output:
Change Dir: /home/ruzickal/StudioProjects/android_whisper_app_orig/Whisper-TFLIte-Android-Example/app/src/main/cpp/tf-lite-api/minimal_build/CMakeFiles/CMakeTmp

Run Build Command(s):/usr/bin/make cmTC_fb15b/fast && /usr/bin/make -f CMakeFiles/cmTC_fb15b.dir/build.make CMakeFiles/cmTC_fb15b.dir/build
make[1]: Entering directory '/home/ruzickal/StudioProjects/android_whisper_app_orig/Whisper-TFLIte-Android-Example/app/src/main/cpp/tf-lite-api/minimal_build/CMakeFiles/CMakeTmp'
Building CXX object CMakeFiles/cmTC_fb15b.dir/src.cxx.o
/usr/bin/c++    -pedantic -Wall -Wextra -Wundef -Wcast-align -Wchar-subscripts -Wnon-virtual-dtor -Wunused-local-typedefs -Wpointer-arith -Wwrite-strings -Wformat-security -Wlogical-op -Wdouble-promotion -Wshadow -Wno-psabi -Wno-variadic-macros -Wno-long-long -fno-check-new -fno-common -fstrict-aliasing -DCOMPILER_SUPPORT_wd981 -Werror -fPIE   -wd981 -std=c++14 -o CMakeFiles/cmTC_fb15b.dir/src.cxx.o -c /home/ruzickal/StudioProjects/android_whisper_app_orig/Whisper-TFLIte-Android-Example/app/src/main/cpp/tf-lite-api/minimal_build/CMakeFiles/CMakeTmp/src.cxx
c++: error: unrecognized command line option '-wd981'
make[1]: *** [CMakeFiles/cmTC_fb15b.dir/build.make:66: CMakeFiles/cmTC_fb15b.dir/src.cxx.o] Error 1
make[1]: Leaving directory '/home/ruzickal/StudioProjects/android_whisper_app_orig/Whisper-TFLIte-Android-Example/app/src/main/cpp/tf-lite-api/minimal_build/CMakeFiles/CMakeTmp'
make: *** [Makefile:121: cmTC_fb15b/fast] Error 2


Source file was:
int main() { return 0; }
Performing C++ SOURCE FILE Test COMPILER_SUPPORT_wd2304 failed with the following output:
Change Dir: /home/ruzickal/StudioProjects/android_whisper_app_orig/Whisper-TFLIte-Android-Example/app/src/main/cpp/tf-lite-api/minimal_build/CMakeFiles/CMakeTmp

Run Build Command(s):/usr/bin/make cmTC_ac137/fast && /usr/bin/make -f CMakeFiles/cmTC_ac137.dir/build.make CMakeFiles/cmTC_ac137.dir/build
make[1]: Entering directory '/home/ruzickal/StudioProjects/android_whisper_app_orig/Whisper-TFLIte-Android-Example/app/src/main/cpp/tf-lite-api/minimal_build/CMakeFiles/CMakeTmp'
Building CXX object CMakeFiles/cmTC_ac137.dir/src.cxx.o
/usr/bin/c++    -pedantic -Wall -Wextra -Wundef -Wcast-align -Wchar-subscripts -Wnon-virtual-dtor -Wunused-local-typedefs -Wpointer-arith -Wwrite-strings -Wformat-security -Wlogical-op -Wdouble-promotion -Wshadow -Wno-psabi -Wno-variadic-macros -Wno-long-long -fno-check-new -fno-common -fstrict-aliasing -DCOMPILER_SUPPORT_wd2304 -Werror -fPIE   -wd2304 -std=c++14 -o CMakeFiles/cmTC_ac137.dir/src.cxx.o -c /home/ruzickal/StudioProjects/android_whisper_app_orig/Whisper-TFLIte-Android-Example/app/src/main/cpp/tf-lite-api/minimal_build/CMakeFiles/CMakeTmp/src.cxx
c++: error: unrecognized command line option '-wd2304'
make[1]: *** [CMakeFiles/cmTC_ac137.dir/build.make:66: CMakeFiles/cmTC_ac137.dir/src.cxx.o] Error 1
make[1]: Leaving directory '/home/ruzickal/StudioProjects/android_whisper_app_orig/Whisper-TFLIte-Android-Example/app/src/main/cpp/tf-lite-api/minimal_build/CMakeFiles/CMakeTmp'
make: *** [Makefile:121: cmTC_ac137/fast] Error 2


Source file was:
int main() { return 0; }
